Failed to execute command. Reason: 404 (404 (Not Found) for url: https://ec2-3-10-224-97.eu-west-2.compute.amazonaws.com:8443/policies/demo/policy/github. Error: {"error":{"code":"not_found","message":"Group 'github/github/managers' not found in account 'demo'","target":"group","details":{"code":"not_found","target":"id","message":"demo:group:github/github/managers"}}}) for url: 
Run the command again in debug mode for more information.
Failed to execute command. Reason: 404 (404 (Not Found) for url: https://ec2-3-10-224-97.eu-west-2.compute.amazonaws.com:8443/policies/demo/policy/github. Error: {"error":{"code":"not_found","message":"Group 'github/github/managers' not found in account 'demo'","target":"group","details":{"code":"not_found","target":"id","message":"demo:group:github/github/managers"}}}) for url: 
Run the command again in debug mode for more information.
{
    "created_roles": {},
    "version": 1
}
Failed to execute command. Reason: 404 (404 (Not Found) for url: https://ec2-3-10-224-97.eu-west-2.compute.amazonaws.com:8443/policies/demo/policy/github. Error: {"error":{"code":"not_found","message":"Group 'github/github/managers' not found in account 'demo'","target":"group","details":{"code":"not_found","target":"id","message":"demo:group:github/github/managers"}}}) for url: 
Run the command again in debug mode for more information.
Failed to execute command. Reason: 404 (404 (Not Found) for url: https://ec2-3-10-224-97.eu-west-2.compute.amazonaws.com:8443/policies/demo/policy/github. Error: {"error":{"code":"not_found","message":"Group 'managers' not found in account 'demo'","target":"group","details":{"code":"not_found","target":"id","message":"demo:group:managers"}}}) for url: 
Run the command again in debug mode for more information.
Failed to execute command. Reason: 404 (404 (Not Found) for url: https://ec2-3-10-224-97.eu-west-2.compute.amazonaws.com:8443/policies/demo/policy/github. Error: {"error":{"code":"not_found","message":"Group 'github/github/managers' not found in account 'demo'","target":"group","details":{"code":"not_found","target":"id","message":"demo:group:github/github/managers"}}}) for url: 
Run the command again in debug mode for more information.
Failed to execute command. Reason: 404 (404 (Not Found) for url: https://ec2-3-10-224-97.eu-west-2.compute.amazonaws.com:8443/policies/demo/policy/github. Error: {"error":{"code":"not_found","message":"Layer 'github/github/apps/apps' not found in account 'demo'","target":"layer","details":{"code":"not_found","target":"id","message":"demo:layer:github/github/apps/apps"}}}) for url: 
Run the command again in debug mode for more information.
Failed to execute command. Reason: 404 (404 (Not Found) for url: https://ec2-3-10-224-97.eu-west-2.compute.amazonaws.com:8443/policies/demo/policy/github. Error: {"error":{"code":"not_found","message":"Group 'github/github/apps/safe/managers' not found in account 'demo'","target":"group","details":{"code":"not_found","target":"id","message":"demo:group:github/github/apps/safe/managers"}}}) for url: 
Run the command again in debug mode for more information.
Failed to execute command. Reason: 404 (404 (Not Found) for url: https://ec2-3-10-224-97.eu-west-2.compute.amazonaws.com:8443/policies/demo/policy/github. Error: {"error":{"code":"not_found","message":"Layer 'github/apps/apps' not found in account 'demo'","target":"layer","details":{"code":"not_found","target":"id","message":"demo:layer:github/apps/apps"}}}) for url: 
Run the command again in debug mode for more information.
Failed to execute command. Reason: 404 (404 (Not Found) for url: https://ec2-3-10-224-97.eu-west-2.compute.amazonaws.com:8443/policies/demo/policy/github. Error: {"error":{"code":"not_found","message":"Layer 'github/apps/safe/apps' not found in account 'demo'","target":"layer","details":{"code":"not_found","target":"id","message":"demo:layer:github/apps/safe/apps"}}}) for url: 
Run the command again in debug mode for more information.
{
    "created_roles": {
        "demo:host:github/apps/conjur-demo": {
            "id": "demo:host:github/apps/conjur-demo",
            "api_key": "37fb5hrm1cxb01ksy9fr210jxpjnpag9w2ac5mfz23va41830r0v5y"
        }
    },
    "version": 2
}
{
    "created_roles": {},
    "version": 3
}
{
    "created_roles": {
        "demo:host:github/apps/conjur-demo": {
            "id": "demo:host:github/apps/conjur-demo",
            "api_key": "1p25s8b2th3j1d2tmeg2p382hr6x3bdn6ep327w90m3zn36329jvpyz"
        }
    },
    "version": 4
}
